INFO  11:33:36 Now listening on: https://localhost:7231
INFO  11:33:36 Now listening on: http://localhost:5231
INFO  11:33:36 Application started. Press Ctrl+C to shut down.
INFO  11:33:36 Hosting environment: Development
INFO  11:33:36 Content root path: C:\Users\Administrator\source\repos\WebApplication6\WebApplication6\
ERROR 11:33:41 An unhandled exception has occurred while executing the request.
System.InvalidOperationException: Multiple constructors accepting all given argument types have been found in type 'WebApplication6.Controllers.EmployeeController'. There should only be one applicable constructor.
   at Microsoft.Extensions.DependencyInjection.ActivatorUtilities.TryFindMatchingConstructor(Type instanceType, Type[] argumentTypes, ConstructorInfo& matchingConstructor, Nullable`1[]& parameterMap)
   at Microsoft.Extensions.DependencyInjection.ActivatorUtilities.FindApplicableConstructor(Type instanceType, Type[] argumentTypes, ConstructorInfo& matchingConstructor, Nullable`1[]& matchingParameterMap)
   at Microsoft.Extensions.DependencyInjection.ActivatorUtilities.CreateFactory(Type instanceType, Type[] argumentTypes)
   at Microsoft.AspNetCore.Mvc.Controllers.ControllerActivatorProvider.CreateActivator(ControllerActionDescriptor descriptor)
   at Microsoft.AspNetCore.Mvc.Controllers.ControllerFactoryProvider.CreateControllerFactory(ControllerActionDescriptor descriptor)
   at Microsoft.AspNetCore.Mvc.Infrastructure.ControllerActionInvokerCache.GetCachedResult(ControllerContext controllerContext)
   at Microsoft.AspNetCore.Mvc.Routing.ControllerRequestDelegateFactory.<>c__DisplayClass10_0.<CreateRequestDelegate>b__0(HttpContext context)
   at Microsoft.AspNetCore.Routing.EndpointMiddleware.Invoke(HttpContext httpContext)
--- End of stack trace from previous location ---
   at Microsoft.AspNetCore.Authorization.AuthorizationMiddleware.Invoke(HttpContext context)
   at Microsoft.AspNetCore.Diagnostics.DeveloperExceptionPageMiddleware.Invoke(HttpContext context)
INFO  11:46:52 Now listening on: https://localhost:7231
INFO  11:46:52 Now listening on: http://localhost:5231
INFO  11:46:52 Application started. Press Ctrl+C to shut down.
INFO  11:46:52 Hosting environment: Development
INFO  11:46:52 Content root path: C:\Users\Administrator\source\repos\WebApplication6\WebApplication6\
ERROR 11:46:56 An unhandled exception has occurred while executing the request.
System.InvalidOperationException: Multiple constructors accepting all given argument types have been found in type 'WebApplication6.Controllers.EmployeeController'. There should only be one applicable constructor.
   at Microsoft.Extensions.DependencyInjection.ActivatorUtilities.TryFindMatchingConstructor(Type instanceType, Type[] argumentTypes, ConstructorInfo& matchingConstructor, Nullable`1[]& parameterMap)
   at Microsoft.Extensions.DependencyInjection.ActivatorUtilities.FindApplicableConstructor(Type instanceType, Type[] argumentTypes, ConstructorInfo& matchingConstructor, Nullable`1[]& matchingParameterMap)
   at Microsoft.Extensions.DependencyInjection.ActivatorUtilities.CreateFactory(Type instanceType, Type[] argumentTypes)
   at Microsoft.AspNetCore.Mvc.Controllers.ControllerActivatorProvider.CreateActivator(ControllerActionDescriptor descriptor)
   at Microsoft.AspNetCore.Mvc.Controllers.ControllerFactoryProvider.CreateControllerFactory(ControllerActionDescriptor descriptor)
   at Microsoft.AspNetCore.Mvc.Infrastructure.ControllerActionInvokerCache.GetCachedResult(ControllerContext controllerContext)
   at Microsoft.AspNetCore.Mvc.Routing.ControllerRequestDelegateFactory.<>c__DisplayClass10_0.<CreateRequestDelegate>b__0(HttpContext context)
   at Microsoft.AspNetCore.Routing.EndpointMiddleware.Invoke(HttpContext httpContext)
--- End of stack trace from previous location ---
   at Microsoft.AspNetCore.Authorization.AuthorizationMiddleware.Invoke(HttpContext context)
   at Microsoft.AspNetCore.Diagnostics.DeveloperExceptionPageMiddleware.Invoke(HttpContext context)
INFO  11:51:12 Now listening on: https://localhost:7231
INFO  11:51:12 Now listening on: http://localhost:5231
INFO  11:51:12 Application started. Press Ctrl+C to shut down.
INFO  11:51:13 Hosting environment: Development
INFO  11:51:13 Content root path: C:\Users\Administrator\source\repos\WebApplication6\WebApplication6\
ERROR 11:51:18 An unhandled exception has occurred while executing the request.
System.InvalidOperationException: Multiple constructors accepting all given argument types have been found in type 'WebApplication6.Controllers.EmployeeController'. There should only be one applicable constructor.
   at Microsoft.Extensions.DependencyInjection.ActivatorUtilities.TryFindMatchingConstructor(Type instanceType, Type[] argumentTypes, ConstructorInfo& matchingConstructor, Nullable`1[]& parameterMap)
   at Microsoft.Extensions.DependencyInjection.ActivatorUtilities.FindApplicableConstructor(Type instanceType, Type[] argumentTypes, ConstructorInfo& matchingConstructor, Nullable`1[]& matchingParameterMap)
   at Microsoft.Extensions.DependencyInjection.ActivatorUtilities.CreateFactory(Type instanceType, Type[] argumentTypes)
   at Microsoft.AspNetCore.Mvc.Controllers.ControllerActivatorProvider.CreateActivator(ControllerActionDescriptor descriptor)
   at Microsoft.AspNetCore.Mvc.Controllers.ControllerFactoryProvider.CreateControllerFactory(ControllerActionDescriptor descriptor)
   at Microsoft.AspNetCore.Mvc.Infrastructure.ControllerActionInvokerCache.GetCachedResult(ControllerContext controllerContext)
   at Microsoft.AspNetCore.Mvc.Routing.ControllerRequestDelegateFactory.<>c__DisplayClass10_0.<CreateRequestDelegate>b__0(HttpContext context)
   at Microsoft.AspNetCore.Routing.EndpointMiddleware.Invoke(HttpContext httpContext)
--- End of stack trace from previous location ---
   at Microsoft.AspNetCore.Authorization.AuthorizationMiddleware.Invoke(HttpContext context)
   at Microsoft.AspNetCore.Diagnostics.DeveloperExceptionPageMiddleware.Invoke(HttpContext context)
INFO  11:52:46 Now listening on: https://localhost:7231
INFO  11:52:46 Now listening on: http://localhost:5231
INFO  11:52:46 Application started. Press Ctrl+C to shut down.
INFO  11:52:46 Hosting environment: Development
INFO  11:52:46 Content root path: C:\Users\Administrator\source\repos\WebApplication6\WebApplication6\
ERROR 11:52:51 An unhandled exception has occurred while executing the request.
System.InvalidOperationException: Multiple constructors accepting all given argument types have been found in type 'WebApplication6.Controllers.EmployeeController'. There should only be one applicable constructor.
   at Microsoft.Extensions.DependencyInjection.ActivatorUtilities.TryFindMatchingConstructor(Type instanceType, Type[] argumentTypes, ConstructorInfo& matchingConstructor, Nullable`1[]& parameterMap)
   at Microsoft.Extensions.DependencyInjection.ActivatorUtilities.FindApplicableConstructor(Type instanceType, Type[] argumentTypes, ConstructorInfo& matchingConstructor, Nullable`1[]& matchingParameterMap)
   at Microsoft.Extensions.DependencyInjection.ActivatorUtilities.CreateFactory(Type instanceType, Type[] argumentTypes)
   at Microsoft.AspNetCore.Mvc.Controllers.ControllerActivatorProvider.CreateActivator(ControllerActionDescriptor descriptor)
   at Microsoft.AspNetCore.Mvc.Controllers.ControllerFactoryProvider.CreateControllerFactory(ControllerActionDescriptor descriptor)
   at Microsoft.AspNetCore.Mvc.Infrastructure.ControllerActionInvokerCache.GetCachedResult(ControllerContext controllerContext)
   at Microsoft.AspNetCore.Mvc.Routing.ControllerRequestDelegateFactory.<>c__DisplayClass10_0.<CreateRequestDelegate>b__0(HttpContext context)
   at Microsoft.AspNetCore.Routing.EndpointMiddleware.Invoke(HttpContext httpContext)
--- End of stack trace from previous location ---
   at Microsoft.AspNetCore.Authorization.AuthorizationMiddleware.Invoke(HttpContext context)
   at Microsoft.AspNetCore.Diagnostics.DeveloperExceptionPageMiddleware.Invoke(HttpContext context)
INFO  11:54:59 Now listening on: https://localhost:7231
INFO  11:54:59 Now listening on: http://localhost:5231
INFO  11:54:59 Application started. Press Ctrl+C to shut down.
INFO  11:54:59 Hosting environment: Development
INFO  11:54:59 Content root path: C:\Users\Administrator\source\repos\WebApplication6\WebApplication6\
ERROR 11:55:02 An unhandled exception has occurred while executing the request.
System.InvalidOperationException: Multiple constructors accepting all given argument types have been found in type 'WebApplication6.Controllers.EmployeeController'. There should only be one applicable constructor.
   at Microsoft.Extensions.DependencyInjection.ActivatorUtilities.TryFindMatchingConstructor(Type instanceType, Type[] argumentTypes, ConstructorInfo& matchingConstructor, Nullable`1[]& parameterMap)
   at Microsoft.Extensions.DependencyInjection.ActivatorUtilities.FindApplicableConstructor(Type instanceType, Type[] argumentTypes, ConstructorInfo& matchingConstructor, Nullable`1[]& matchingParameterMap)
   at Microsoft.Extensions.DependencyInjection.ActivatorUtilities.CreateFactory(Type instanceType, Type[] argumentTypes)
   at Microsoft.AspNetCore.Mvc.Controllers.ControllerActivatorProvider.CreateActivator(ControllerActionDescriptor descriptor)
   at Microsoft.AspNetCore.Mvc.Controllers.ControllerFactoryProvider.CreateControllerFactory(ControllerActionDescriptor descriptor)
   at Microsoft.AspNetCore.Mvc.Infrastructure.ControllerActionInvokerCache.GetCachedResult(ControllerContext controllerContext)
   at Microsoft.AspNetCore.Mvc.Routing.ControllerRequestDelegateFactory.<>c__DisplayClass10_0.<CreateRequestDelegate>b__0(HttpContext context)
   at Microsoft.AspNetCore.Routing.EndpointMiddleware.Invoke(HttpContext httpContext)
--- End of stack trace from previous location ---
   at Microsoft.AspNetCore.Authorization.AuthorizationMiddleware.Invoke(HttpContext context)
   at Microsoft.AspNetCore.Diagnostics.DeveloperExceptionPageMiddleware.Invoke(HttpContext context)
INFO  12:07:09 Now listening on: https://localhost:7231
INFO  12:07:09 Now listening on: http://localhost:5231
INFO  12:07:09 Application started. Press Ctrl+C to shut down.
INFO  12:07:09 Hosting environment: Development
INFO  12:07:09 Content root path: C:\Users\Administrator\source\repos\WebApplication6\WebApplication6\
ERROR 12:07:14 An unhandled exception has occurred while executing the request.
System.InvalidOperationException: Multiple constructors accepting all given argument types have been found in type 'WebApplication6.Controllers.EmployeeController'. There should only be one applicable constructor.
   at Microsoft.Extensions.DependencyInjection.ActivatorUtilities.TryFindMatchingConstructor(Type instanceType, Type[] argumentTypes, ConstructorInfo& matchingConstructor, Nullable`1[]& parameterMap)
   at Microsoft.Extensions.DependencyInjection.ActivatorUtilities.FindApplicableConstructor(Type instanceType, Type[] argumentTypes, ConstructorInfo& matchingConstructor, Nullable`1[]& matchingParameterMap)
   at Microsoft.Extensions.DependencyInjection.ActivatorUtilities.CreateFactory(Type instanceType, Type[] argumentTypes)
   at Microsoft.AspNetCore.Mvc.Controllers.ControllerActivatorProvider.CreateActivator(ControllerActionDescriptor descriptor)
   at Microsoft.AspNetCore.Mvc.Controllers.ControllerFactoryProvider.CreateControllerFactory(ControllerActionDescriptor descriptor)
   at Microsoft.AspNetCore.Mvc.Infrastructure.ControllerActionInvokerCache.GetCachedResult(ControllerContext controllerContext)
   at Microsoft.AspNetCore.Mvc.Routing.ControllerRequestDelegateFactory.<>c__DisplayClass10_0.<CreateRequestDelegate>b__0(HttpContext context)
   at Microsoft.AspNetCore.Routing.EndpointMiddleware.Invoke(HttpContext httpContext)
--- End of stack trace from previous location ---
   at Microsoft.AspNetCore.Authorization.AuthorizationMiddleware.Invoke(HttpContext context)
   at Microsoft.AspNetCore.Diagnostics.DeveloperExceptionPageMiddleware.Invoke(HttpContext context)
